# JRE version: OpenJDK Runtime Environment Temurin-17.0.7+7 (17.0.7+7) (build 17.0.7+7)
# Java VM: OpenJDK 64-Bit Server VM Temurin-17.0.7+7 (17.0.7+7, mixed mode, emulated-client, tiered, compressed oops, compressed class ptrs, g1 gc, windows-amd64)
GC Precious Log:
 CPUs: 4 total, 4 available
 Memory: 16223M
 Large Page Support: Disabled
 NUMA Support: Disabled
 Compressed Oops: Enabled (32-bit)
 Heap Region Size: 1M
 Heap Min Capacity: 8M
 Heap Initial Capacity: 254M
 Heap Max Capacity: 1G
 Pre-touch: Disabled
 Parallel Workers: 4
 Concurrent Workers: 1
 Concurrent Refinement Workers: 4
 Periodic GC: Disabled
Heap:
 garbage-first heap   total 157696K, used 46578K [0x00000000c0000000, 0x0000000100000000)
  region size 1024K, 1 young (1024K), 0 survivors (0K)
 Metaspace       used 70717K, committed 71552K, reserved 1114112K
  class space    used 9704K, committed 10048K, reserved 1048576K
GC Heap History (20 events):
Event: 4774.042 GC heap before
{Heap before GC invocations=493 (full 416):
 garbage-first heap   total 157696K, used 46578K [0x00000000c0000000, 0x0000000100000000)
  region size 1024K, 1 young (1024K), 0 survivors (0K)
 Metaspace       used 70717K, committed 71552K, reserved 1114112K
  class space    used 9704K, committed 10048K, reserved 1048576K
}
Event: 4774.078 GC heap after
{Heap after GC invocations=494 (full 417):
 garbage-first heap   total 157696K, used 46578K [0x00000000c0000000, 0x0000000100000000)
  region size 1024K, 0 young (0K), 0 survivors (0K)
 Metaspace       used 70717K, committed 71552K, reserved 1114112K
  class space    used 9704K, committed 10048K, reserved 1048576K
}
Event: 4784.209 GC heap before
{Heap before GC invocations=494 (full 417):
 garbage-first heap   total 157696K, used 46578K [0x00000000c0000000, 0x0000000100000000)
  region size 1024K, 1 young (1024K), 0 survivors (0K)
 Metaspace       used 70717K, committed 71552K, reserved 1114112K
  class space    used 9704K, committed 10048K, reserved 1048576K
}
Event: 4784.271 GC heap after
{Heap after GC invocations=495 (full 418):
 garbage-first heap   total 157696K, used 46578K [0x00000000c0000000, 0x0000000100000000)
  region size 1024K, 0 young (0K), 0 survivors (0K)
 Metaspace       used 70717K, committed 71552K, reserved 1114112K
  class space    used 9704K, committed 10048K, reserved 1048576K
}
Event: 4794.384 GC heap before
{Heap before GC invocations=495 (full 418):
 garbage-first heap   total 157696K, used 46578K [0x00000000c0000000, 0x0000000100000000)
  region size 1024K, 1 young (1024K), 0 survivors (0K)
 Metaspace       used 70717K, committed 71552K, reserved 1114112K
  class space    used 9704K, committed 10048K, reserved 1048576K
}
Event: 4794.419 GC heap after
{Heap after GC invocations=496 (full 419):
 garbage-first heap   total 157696K, used 46578K [0x00000000c0000000, 0x0000000100000000)
  region size 1024K, 0 young (0K), 0 survivors (0K)
 Metaspace       used 70717K, committed 71552K, reserved 1114112K
  class space    used 9704K, committed 10048K, reserved 1048576K
}
Event: 4804.536 GC heap before
{Heap before GC invocations=496 (full 419):
 garbage-first heap   total 157696K, used 46578K [0x00000000c0000000, 0x0000000100000000)
  region size 1024K, 1 young (1024K), 0 survivors (0K)
 Metaspace       used 70717K, committed 71552K, reserved 1114112K
  class space    used 9704K, committed 10048K, reserved 1048576K
}
Event: 4804.571 GC heap after
{Heap after GC invocations=497 (full 420):
 garbage-first heap   total 157696K, used 46578K [0x00000000c0000000, 0x0000000100000000)
  region size 1024K, 0 young (0K), 0 survivors (0K)
 Metaspace       used 70717K, committed 71552K, reserved 1114112K
  class space    used 9704K, committed 10048K, reserved 1048576K
}
Event: 4814.683 GC heap before
{Heap before GC invocations=497 (full 420):
 garbage-first heap   total 157696K, used 46578K [0x00000000c0000000, 0x0000000100000000)
  region size 1024K, 1 young (1024K), 0 survivors (0K)
 Metaspace       used 70717K, committed 71552K, reserved 1114112K
  class space    used 9704K, committed 10048K, reserved 1048576K
}
Event: 4814.723 GC heap after
{Heap after GC invocations=498 (full 421):
 garbage-first heap   total 157696K, used 46578K [0x00000000c0000000, 0x0000000100000000)
  region size 1024K, 0 young (0K), 0 survivors (0K)
 Metaspace       used 70717K, committed 71552K, reserved 1114112K
  class space    used 9704K, committed 10048K, reserved 1048576K
}
Event: 4824.906 GC heap before
{Heap before GC invocations=498 (full 421):
 garbage-first heap   total 157696K, used 46578K [0x00000000c0000000, 0x0000000100000000)
  region size 1024K, 1 young (1024K), 0 survivors (0K)
 Metaspace       used 70717K, committed 71552K, reserved 1114112K
  class space    used 9704K, committed 10048K, reserved 1048576K
}
Event: 4824.949 GC heap after
{Heap after GC invocations=499 (full 422):
 garbage-first heap   total 157696K, used 46578K [0x00000000c0000000, 0x0000000100000000)
  region size 1024K, 0 young (0K), 0 survivors (0K)
 Metaspace       used 70717K, committed 71552K, reserved 1114112K
  class space    used 9704K, committed 10048K, reserved 1048576K
}
Event: 4835.098 GC heap before
{Heap before GC invocations=499 (full 422):
 garbage-first heap   total 157696K, used 46578K [0x00000000c0000000, 0x0000000100000000)
  region size 1024K, 1 young (1024K), 0 survivors (0K)
 Metaspace       used 70717K, committed 71552K, reserved 1114112K
  class space    used 9704K, committed 10048K, reserved 1048576K
}
Event: 4835.135 GC heap after
{Heap after GC invocations=500 (full 423):
 garbage-first heap   total 157696K, used 46578K [0x00000000c0000000, 0x0000000100000000)
  region size 1024K, 0 young (0K), 0 survivors (0K)
 Metaspace       used 70717K, committed 71552K, reserved 1114112K
  class space    used 9704K, committed 10048K, reserved 1048576K
}
Event: 4845.323 GC heap before
{Heap before GC invocations=500 (full 423):
 garbage-first heap   total 157696K, used 46578K [0x00000000c0000000, 0x0000000100000000)
  region size 1024K, 1 young (1024K), 0 survivors (0K)
 Metaspace       used 70717K, committed 71552K, reserved 1114112K
  class space    used 9704K, committed 10048K, reserved 1048576K
}
Event: 4845.360 GC heap after
{Heap after GC invocations=501 (full 424):
 garbage-first heap   total 157696K, used 46578K [0x00000000c0000000, 0x0000000100000000)
  region size 1024K, 0 young (0K), 0 survivors (0K)
 Metaspace       used 70717K, committed 71552K, reserved 1114112K
  class space    used 9704K, committed 10048K, reserved 1048576K
}
Event: 4855.523 GC heap before
{Heap before GC invocations=501 (full 424):
 garbage-first heap   total 157696K, used 46578K [0x00000000c0000000, 0x0000000100000000)
  region size 1024K, 1 young (1024K), 0 survivors (0K)
 Metaspace       used 70717K, committed 71552K, reserved 1114112K
  class space    used 9704K, committed 10048K, reserved 1048576K
}
Event: 4855.561 GC heap after
{Heap after GC invocations=502 (full 425):
 garbage-first heap   total 157696K, used 46578K [0x00000000c0000000, 0x0000000100000000)
  region size 1024K, 0 young (0K), 0 survivors (0K)
 Metaspace       used 70717K, committed 71552K, reserved 1114112K
  class space    used 9704K, committed 10048K, reserved 1048576K
}
Event: 4865.742 GC heap before
{Heap before GC invocations=502 (full 425):
 garbage-first heap   total 157696K, used 46578K [0x00000000c0000000, 0x0000000100000000)
  region size 1024K, 1 young (1024K), 0 survivors (0K)
 Metaspace       used 70717K, committed 71552K, reserved 1114112K
  class space    used 9704K, committed 10048K, reserved 1048576K
}
Event: 4865.786 GC heap after
{Heap after GC invocations=503 (full 426):
 garbage-first heap   total 157696K, used 46578K [0x00000000c0000000, 0x0000000100000000)
  region size 1024K, 0 young (0K), 0 survivors (0K)
 Metaspace       used 70717K, committed 71552K, reserved 1114112K
  class space    used 9704K, committed 10048K, reserved 1048576K
}

